
> frontend@0.0.0 test
> ng test --watch=false --browsers=ChromeHeadless

- Generating browser application bundles (phase: setup)...
Ã”Â£Ã¶ Browser application bundle generation complete.
24 02 2026 17:19:44.453:INFO [karma-server]: Karma v6.4.4 server started at http://localhost:9876/
24 02 2026 17:19:44.457:INFO [launcher]: Launching browsers ChromeHeadless with concurrency unlimited
24 02 2026 17:19:44.478:INFO [launcher]: Starting browser ChromeHeadless
24 02 2026 17:19:46.569:INFO [Chrome Headless 145.0.0.0 (Windows 10)]: Connected on socket CUsHi-e3mHj2W0XPAAAB with id 14514039
Chrome Headless 145.0.0.0 (Windows 10): Executed 0 of 12[32m SUCCESS[39m (0 secs / 0 secs)
[1A[2KChrome Headless 145.0.0.0 (Windows 10): Executed 1 of 12[32m SUCCESS[39m (0 secs / 0.077 secs)
[1A[2KChrome Headless 145.0.0.0 (Windows 10): Executed 2 of 12[32m SUCCESS[39m (0 secs / 0.102 secs)
[1A[2KChrome Headless 145.0.0.0 (Windows 10): Executed 3 of 12[32m SUCCESS[39m (0 secs / 0.105 secs)
[1A[2KChrome Headless 145.0.0.0 (Windows 10): Executed 4 of 12[32m SUCCESS[39m (0 secs / 0.116 secs)
[1A[2KChrome Headless 145.0.0.0 (Windows 10): Executed 5 of 12[32m SUCCESS[39m (0 secs / 0.137 secs)
[1A[2K[31mChrome Headless 145.0.0.0 (Windows 10) AppComponent should render title FAILED[39m
	Expected undefined to be truthy.
	    at <Jasmine>
	    at UserContext.apply (src/app/app.component.spec.ts:28:55)
	    at _ZoneDelegate.invoke (node_modules/zone.js/fesm2015/zone.js:368:26)
	    at ProxyZoneSpec.onInvoke (node_modules/zone.js/fesm2015/zone-testing.js:273:39)
	    at _ZoneDelegate.invoke (node_modules/zone.js/fesm2015/zone.js:367:52)
Chrome Headless 145.0.0.0 (Windows 10): Executed 6 of 12[31m (1 FAILED)[39m (0 secs / 0.15 secs)
[1A[2KChrome Headless 145.0.0.0 (Windows 10): Executed 7 of 12[31m (1 FAILED)[39m (0 secs / 0.154 secs)
[1A[2KChrome Headless 145.0.0.0 (Windows 10): Executed 8 of 12[31m (1 FAILED)[39m (0 secs / 0.157 secs)
[1A[2KChrome Headless 145.0.0.0 (Windows 10): Executed 9 of 12[31m (1 FAILED)[39m (0 secs / 0.159 secs)
[1A[2KChrome Headless 145.0.0.0 (Windows 10): Executed 10 of 12[31m (1 FAILED)[39m (0 secs / 0.161 secs)
[1A[2KChrome Headless 145.0.0.0 (Windows 10): Executed 11 of 12[31m (1 FAILED)[39m (0 secs / 0.163 secs)
[1A[2KChrome Headless 145.0.0.0 (Windows 10): Executed 12 of 12[31m (1 FAILED)[39m (0 secs / 0.164 secs)
[1A[2KChrome Headless 145.0.0.0 (Windows 10): Executed 12 of 12[31m (1 FAILED)[39m (0.196 secs / 0.164 secs)
[31mTOTAL: 1 FAILED, 11 SUCCESS[39m
Ã”Â£Ã¶ Browser application bundle generation complete.
Ã”Â£Ã¶ Browser application bundle generation complete.
